<?xml version="1.0" encoding="UTF-8"?>
<!-- Generated by org.testng.reporters.JUnitReportReporter -->
<testsuite skipped="0" hostname="DESKTOP-M3J39LL" name="BCW_BentStudio.Chennai" tests="1" failures="0" timestamp="2020-01-27T16:11:21 IST" time="21.537" errors="0">
  <testcase name="testChennai" time="21.537" classname="BCW_BentStudio.Chennai"/>
</testsuite> <!-- BCW_BentStudio.Chennai -->
